[INFO] Scanning for projects...
[WARNING] 1 problem was encountered while building the effective model for org.apache.geronimo.specs.wso2:geronimo-stax-api_1.0_spec:jar:1.0.1.wso2v1 during dependency collection step for plugin (use -X to see details)
[INFO] ------------------------------------------------------------------------
[INFO] Reactor Build Order:
[INFO] 
[INFO] ThreadSync                                                         [pom]
[INFO] ThreadSyncConfigs                                                  [pom]
[INFO] ThreadSyncCompositeExporter                         [carbon/application]
[INFO] 
[INFO] ---------------< com.threadsync.integration:ThreadSync >----------------
[INFO] Building ThreadSync 1.0.0-SNAPSHOT                                 [1/3]
[INFO]   from pom.xml
[INFO] --------------------------------[ pom ]---------------------------------
[INFO] 
[INFO] --- clean:3.2.0:clean (default-clean) @ ThreadSync ---
[INFO] 
[INFO] --- install:3.1.2:install (default-install) @ ThreadSync ---
[INFO] Installing C:\Users\vikum\OneDrive\Desktop\Choreo\pom.xml to C:\Users\vikum\.m2\repository\com\threadsync\integration\ThreadSync\1.0.0-SNAPSHOT\ThreadSync-1.0.0-SNAPSHOT.pom
[INFO] 
[INFO] ------------< com.threadsync.integration:ThreadSyncConfigs >------------
[INFO] Building ThreadSyncConfigs 1.0.0-SNAPSHOT                          [2/3]
[INFO]   from ThreadSyncConfigs\pom.xml
[INFO] --------------------------------[ pom ]---------------------------------
[INFO] 
[INFO] --- clean:3.2.0:clean (default-clean) @ ThreadSyncConfigs ---
[INFO] Deleting C:\Users\vikum\OneDrive\Desktop\Choreo\ThreadSyncConfigs\target\capp
[INFO] 
[INFO] --- wso2-esb-api:5.2.42:pom-gen (api) @ ThreadSyncConfigs ---
[INFO] Creating maven project for artifact OrderReceiptAPI:1.0.0...
[INFO] 	generating maven project...
[INFO] 	copying resources...
[INFO] Creating maven project for artifact InventoryStatusAPI:1.0.0...
[INFO] 	generating maven project...
[INFO] 	copying resources...
[INFO] 
[INFO] --- wso2-esb-metadata:5.2.42:pom-gen (metadata) @ ThreadSyncConfigs ---
[INFO] 
[INFO] --- wso2-esb-sequence:5.2.42:pom-gen (sequence) @ ThreadSyncConfigs ---
[INFO] Creating maven project for artifact MockAIEnrichmentSequence:1.0.0...
[INFO] 	generating maven project...
[INFO] 	copying resources...
[INFO] Creating maven project for artifact SupplierRouterSequence:1.0.0...
[INFO] 	generating maven project...
[INFO] 	copying resources...
[INFO] 
[INFO] --- install:3.1.2:install (default-install) @ ThreadSyncConfigs ---
[INFO] Installing C:\Users\vikum\OneDrive\Desktop\Choreo\ThreadSyncConfigs\pom.xml to C:\Users\vikum\.m2\repository\com\threadsync\integration\ThreadSyncConfigs\1.0.0-SNAPSHOT\ThreadSyncConfigs-1.0.0-SNAPSHOT.pom
[INFO] 
[INFO] -------< com.threadsync.integration:ThreadSyncCompositeExporter >-------
[INFO] Building ThreadSyncCompositeExporter 1.0.0-SNAPSHOT                [3/3]
[INFO]   from ThreadSyncCompositeExporter\pom.xml
[INFO] -------------------------[ carbon/application ]-------------------------
[WARNING] Ignoring incompatible plugin version 4.0.0-beta-1: 
The plugin org.apache.maven.plugins:maven-resources-plugin:4.0.0-beta-1 has unmet prerequisites: 
	Required Maven version 4.0.0-beta-3 is not met by current version 3.9.12
[INFO] Latest version of plugin org.apache.maven.plugins:maven-resources-plugin failed compatibility check
[INFO] Looking for compatible RELEASE version of plugin org.apache.maven.plugins:maven-resources-plugin
[INFO] Selected plugin org.apache.maven.plugins:maven-resources-plugin:3.5.0
[WARNING] Ignoring incompatible plugin version 4.0.0-beta-4: 
The plugin org.apache.maven.plugins:maven-compiler-plugin:4.0.0-beta-4 has unmet prerequisites: 
	Required Maven version 4.0.0-rc-4 is not met by current version 3.9.12
[INFO] Latest version of plugin org.apache.maven.plugins:maven-compiler-plugin failed compatibility check
[INFO] Looking for compatible RELEASE version of plugin org.apache.maven.plugins:maven-compiler-plugin
[WARNING] Ignoring incompatible plugin version 4.0.0-beta-3: 
The plugin org.apache.maven.plugins:maven-compiler-plugin:4.0.0-beta-3 has unmet prerequisites: 
	Required Maven version 4.0.0-rc-4 is not met by current version 3.9.12
[WARNING] Ignoring incompatible plugin version 4.0.0-beta-2: 
The plugin org.apache.maven.plugins:maven-compiler-plugin:4.0.0-beta-2 has unmet prerequisites: 
	Required Maven version 4.0.0-rc-2 is not met by current version 3.9.12
[WARNING] Ignoring incompatible plugin version 4.0.0-beta-1: 
The plugin org.apache.maven.plugins:maven-compiler-plugin:4.0.0-beta-1 has unmet prerequisites: 
	Required Maven version 4.0.0-beta-3 is not met by current version 3.9.12
[INFO] Selected plugin org.apache.maven.plugins:maven-compiler-plugin:3.15.0
[WARNING] Ignoring incompatible plugin version 4.0.0-beta-2: 
The plugin org.apache.maven.plugins:maven-install-plugin:4.0.0-beta-2 has unmet prerequisites: 
	Required Maven version 4.0.0-rc-2 is not met by current version 3.9.12
[INFO] Latest version of plugin org.apache.maven.plugins:maven-install-plugin failed compatibility check
[INFO] Looking for compatible RELEASE version of plugin org.apache.maven.plugins:maven-install-plugin
[WARNING] Ignoring incompatible plugin version 4.0.0-beta-1: 
The plugin org.apache.maven.plugins:maven-install-plugin:4.0.0-beta-1 has unmet prerequisites: 
	Required Maven version 4.0.0-beta-3 is not met by current version 3.9.12
[INFO] Selected plugin org.apache.maven.plugins:maven-install-plugin:3.1.4
[WARNING] The POM for com.threadsync.integration.api:InventoryStatusAPI:xml:1.0.0 is missing, no dependency information available
[INFO] ------------------------------------------------------------------------
[INFO] Reactor Summary for ThreadSync 1.0.0-SNAPSHOT:
[INFO] 
[INFO] ThreadSync ......................................... SUCCESS [  0.418 s]
[INFO] ThreadSyncConfigs .................................. SUCCESS [  0.829 s]
[INFO] ThreadSyncCompositeExporter ........................ FAILURE [  0.320 s]
[INFO] ------------------------------------------------------------------------
[INFO] BUILD FAILURE
[INFO] ------------------------------------------------------------------------
[INFO] Total time:  4.207 s
[INFO] Finished at: 2026-04-08T17:33:38+05:30
[INFO] ------------------------------------------------------------------------
[ERROR] Failed to execute goal on project ThreadSyncCompositeExporter: Could not resolve dependencies for project com.threadsync.integration:ThreadSyncCompositeExporter:carbon/application:1.0.0-SNAPSHOT
[ERROR] dependency: com.threadsync.integration.api:InventoryStatusAPI:xml:1.0.0 (compile)
[ERROR] 	com.threadsync.integration.api:InventoryStatusAPI:xml:1.0.0 was not found in https://maven.wso2.org/nexus/content/groups/wso2-public/ during a previous attempt. This failure was cached in the local repository and resolution is not reattempted until the update interval of wso2-nexus has elapsed or updates are forced
[ERROR] 	com.threadsync.integration.api:InventoryStatusAPI:xml:1.0.0 was not found in https://maven.wso2.org/nexus/content/groups/wso2-public/ during a previous attempt. This failure was cached in the local repository and resolution is not reattempted until the update interval of wso2-maven2-repository-1 has elapsed or updates are forced
[ERROR] 	com.threadsync.integration.api:InventoryStatusAPI:xml:1.0.0 was not found in https://repo1.maven.org/maven2 during a previous attempt. This failure was cached in the local repository and resolution is not reattempted until the update interval of central has elapsed or updates are forced
[ERROR] 
[ERROR] -> [Help 1]
[ERROR] 
[ERROR] To see the full stack trace of the errors, re-run Maven with the -e switch.
[ERROR] Re-run Maven using the -X switch to enable full debug logging.
[ERROR] 
[ERROR] For more information about the errors and possible solutions, please read the following articles:
[ERROR] [Help 1] http://cwiki.apache.org/confluence/display/MAVEN/DependencyResolutionException
[ERROR] 
[ERROR] After correcting the problems, you can resume the build with the command
[ERROR]   mvn <args> -rf :ThreadSyncCompositeExporter
