Apache Maven 3.9.12 (848fbb4bf2d427b72bdb2471c22fced7ebd9a7a1)
Maven home: C:\Program Files\apache-maven-3.9.12
Java version: 17.0.17, vendor: Eclipse Adoptium, runtime: C:\Program Files\Eclipse Adoptium\jdk-17.0.17.10-hotspot
Default locale: en_US, platform encoding: Cp1252
OS name: "windows 11", version: "10.0", arch: "amd64", family: "windows"
[DEBUG] Created new class realm maven.api
[DEBUG] Importing foreign packages into class realm maven.api
[DEBUG]   Imported: javax.annotation.* < plexus.core
[DEBUG]   Imported: javax.annotation.security.* < plexus.core
[DEBUG]   Imported: javax.inject.* < plexus.core
[DEBUG]   Imported: org.apache.maven.* < plexus.core
[DEBUG]   Imported: org.apache.maven.artifact < plexus.core
[DEBUG]   Imported: org.apache.maven.classrealm < plexus.core
[DEBUG]   Imported: org.apache.maven.cli < plexus.core
[DEBUG]   Imported: org.apache.maven.configuration < plexus.core
[DEBUG]   Imported: org.apache.maven.exception < plexus.core
[DEBUG]   Imported: org.apache.maven.execution < plexus.core
[DEBUG]   Imported: org.apache.maven.execution.scope < plexus.core
[DEBUG]   Imported: org.apache.maven.graph < plexus.core
[DEBUG]   Imported: org.apache.maven.lifecycle < plexus.core
[DEBUG]   Imported: org.apache.maven.model < plexus.core
[DEBUG]   Imported: org.apache.maven.monitor < plexus.core
[DEBUG]   Imported: org.apache.maven.plugin < plexus.core
[DEBUG]   Imported: org.apache.maven.profiles < plexus.core
[DEBUG]   Imported: org.apache.maven.project < plexus.core
[DEBUG]   Imported: org.apache.maven.reporting < plexus.core
[DEBUG]   Imported: org.apache.maven.repository < plexus.core
[DEBUG]   Imported: org.apache.maven.rtinfo < plexus.core
[DEBUG]   Imported: org.apache.maven.settings < plexus.core
[DEBUG]   Imported: org.apache.maven.toolchain < plexus.core
[DEBUG]   Imported: org.apache.maven.usability < plexus.core
[DEBUG]   Imported: org.apache.maven.wagon.* < plexus.core
[DEBUG]   Imported: org.apache.maven.wagon.authentication < plexus.core
[DEBUG]   Imported: org.apache.maven.wagon.authorization < plexus.core
[DEBUG]   Imported: org.apache.maven.wagon.events < plexus.core
[DEBUG]   Imported: org.apache.maven.wagon.observers < plexus.core
[DEBUG]   Imported: org.apache.maven.wagon.proxy < plexus.core
[DEBUG]   Imported: org.apache.maven.wagon.repository < plexus.core
[DEBUG]   Imported: org.apache.maven.wagon.resource < plexus.core
[DEBUG]   Imported: org.codehaus.classworlds < plexus.core
[DEBUG]   Imported: org.codehaus.plexus.* < plexus.core
[DEBUG]   Imported: org.codehaus.plexus.classworlds < plexus.core
[DEBUG]   Imported: org.codehaus.plexus.component < plexus.core
[DEBUG]   Imported: org.codehaus.plexus.configuration < plexus.core
[DEBUG]   Imported: org.codehaus.plexus.container < plexus.core
[DEBUG]   Imported: org.codehaus.plexus.context < plexus.core
[DEBUG]   Imported: org.codehaus.plexus.lifecycle < plexus.core
[DEBUG]   Imported: org.codehaus.plexus.logging < plexus.core
[DEBUG]   Imported: org.codehaus.plexus.personality < plexus.core
[DEBUG]   Imported: org.codehaus.plexus.util.xml.Xpp3Dom < plexus.core
[DEBUG]   Imported: org.codehaus.plexus.util.xml.pull.XmlPullParser < plexus.core
[DEBUG]   Imported: org.codehaus.plexus.util.xml.pull.XmlPullParserException < plexus.core
[DEBUG]   Imported: org.codehaus.plexus.util.xml.pull.XmlSerializer < plexus.core
[DEBUG]   Imported: org.eclipse.aether.* < plexus.core
[DEBUG]   Imported: org.eclipse.aether.artifact < plexus.core
[DEBUG]   Imported: org.eclipse.aether.collection < plexus.core
[DEBUG]   Imported: org.eclipse.aether.deployment < plexus.core
[DEBUG]   Imported: org.eclipse.aether.graph < plexus.core
[DEBUG]   Imported: org.eclipse.aether.impl < plexus.core
[DEBUG]   Imported: org.eclipse.aether.installation < plexus.core
[DEBUG]   Imported: org.eclipse.aether.internal.impl < plexus.core
[DEBUG]   Imported: org.eclipse.aether.metadata < plexus.core
[DEBUG]   Imported: org.eclipse.aether.repository < plexus.core
[DEBUG]   Imported: org.eclipse.aether.resolution < plexus.core
[DEBUG]   Imported: org.eclipse.aether.spi < plexus.core
[DEBUG]   Imported: org.eclipse.aether.transfer < plexus.core
[DEBUG]   Imported: org.eclipse.aether.util < plexus.core
[DEBUG]   Imported: org.eclipse.aether.version < plexus.core
[DEBUG]   Imported: org.fusesource.jansi.* < plexus.core
[DEBUG]   Imported: org.slf4j.* < plexus.core
[DEBUG]   Imported: org.slf4j.event.* < plexus.core
[DEBUG]   Imported: org.slf4j.helpers.* < plexus.core
[DEBUG]   Imported: org.slf4j.spi.* < plexus.core
[DEBUG] Populating class realm maven.api
[DEBUG] Created adapter factory; available factories [file-lock, rwlock-local, semaphore-local, noop]; available name mappers [discriminating, file-gaecv, file-gav, file-hgaecv, file-hgav, file-static, gaecv, gav, static]
[INFO] Error stacktraces are turned on.
[DEBUG] Message scheme: plain
[DEBUG] Reading global settings from C:\Program Files\apache-maven-3.9.12\conf\settings.xml
[DEBUG] Reading user settings from C:\Users\vikum\.m2\settings.xml
[DEBUG] Reading global toolchains from C:\Program Files\apache-maven-3.9.12\conf\toolchains.xml
[DEBUG] Reading user toolchains from C:\Users\vikum\.m2\toolchains.xml
[DEBUG] Using local repository at C:\Users\vikum\.m2\repository
[DEBUG] Using manager EnhancedLocalRepositoryManager with priority 10.0 for C:\Users\vikum\.m2\repository
[INFO] Scanning for projects...
[DEBUG] Creating adapter using nameMapper 'gaecv' and factory 'rwlock-local'
[DEBUG] Resolving artifact org.wso2.maven:wso2-mi-maven-plugin:pom:5.2.70 from [wso2-nexus (https://maven.wso2.org/nexus/content/groups/wso2-public/, default, releases+snapshots), central (https://repo.maven.apache.org/maven2, default, releases)]
[DEBUG] Resolving artifact org.wso2.maven:wso2-mi-maven-plugin:pom:5.2.70 from [wso2-nexus (https://maven.wso2.org/nexus/content/groups/wso2-public/, default, releases+snapshots), central (https://repo.maven.apache.org/maven2, default, releases)]
[WARNING] The POM for org.wso2.maven:wso2-mi-maven-plugin:jar:5.2.70 is missing, no dependency information available
[DEBUG] Dependency collection stats {ConflictMarker.analyzeTime=594499, ConflictMarker.markTime=62801, ConflictMarker.nodeCount=1, ConflictIdSorter.graphTime=249000, ConflictIdSorter.topsortTime=216000, ConflictIdSorter.conflictIdCount=1, ConflictIdSorter.conflictIdCycleCount=0, ConflictResolver.totalTime=2240099, ConflictResolver.conflictItemCount=1, DfDependencyCollector.collectTime=20779899, DfDependencyCollector.transformTime=5487301}
[DEBUG] org.wso2.maven:wso2-mi-maven-plugin:jar:5.2.70
[DEBUG] Resolving artifact org.wso2.maven:wso2-mi-maven-plugin:jar:5.2.70 from [wso2-nexus (https://maven.wso2.org/nexus/content/groups/wso2-public/, default, releases+snapshots), central (https://repo.maven.apache.org/maven2, default, releases)]
[DEBUG] Resolving artifact org.wso2.maven:wso2-mi-maven-plugin:jar:5.2.70 from [wso2-nexus (https://maven.wso2.org/nexus/content/groups/wso2-public/, default, releases+snapshots), central (https://repo.maven.apache.org/maven2, default, releases)]
[DEBUG] Looking up lifecycle mappings for packaging wso2/mi from ClassRealm[plexus.core, parent: null]
[ERROR] [ERROR] Some problems were encountered while processing the POMs:
[ERROR] Unresolveable build extension: Plugin org.wso2.maven:wso2-mi-maven-plugin:5.2.70 or one of its dependencies could not be resolved:
	org.wso2.maven:wso2-mi-maven-plugin:jar:5.2.70 was not found in https://maven.wso2.org/nexus/content/groups/wso2-public/ during a previous attempt. This failure was cached in the local repository and resolution is not reattempted until the update interval of wso2-nexus has elapsed or updates are forced
	org.wso2.maven:wso2-mi-maven-plugin:jar:5.2.70 was not found in https://repo.maven.apache.org/maven2 during a previous attempt. This failure was cached in the local repository and resolution is not reattempted until the update interval of central has elapsed or updates are forced
 @ 
[ERROR] Unknown packaging: wso2/mi @ line 8, column 14
 @ 
[ERROR] The build could not read 1 project -> [Help 1]
org.apache.maven.project.ProjectBuildingException: Some problems were encountered while processing the POMs:
[ERROR] Unresolveable build extension: Plugin org.wso2.maven:wso2-mi-maven-plugin:5.2.70 or one of its dependencies could not be resolved:
	org.wso2.maven:wso2-mi-maven-plugin:jar:5.2.70 was not found in https://maven.wso2.org/nexus/content/groups/wso2-public/ during a previous attempt. This failure was cached in the local repository and resolution is not reattempted until the update interval of wso2-nexus has elapsed or updates are forced
	org.wso2.maven:wso2-mi-maven-plugin:jar:5.2.70 was not found in https://repo.maven.apache.org/maven2 during a previous attempt. This failure was cached in the local repository and resolution is not reattempted until the update interval of central has elapsed or updates are forced
 @ 
[ERROR] Unknown packaging: wso2/mi @ line 8, column 14

    at org.apache.maven.project.DefaultProjectBuilder.build (DefaultProjectBuilder.java:389)
    at org.apache.maven.graph.DefaultGraphBuilder.collectProjects (DefaultGraphBuilder.java:351)
    at org.apache.maven.graph.DefaultGraphBuilder.getProjectsForMavenReactor (DefaultGraphBuilder.java:342)
    at org.apache.maven.graph.DefaultGraphBuilder.build (DefaultGraphBuilder.java:76)
    at org.apache.maven.DefaultMaven.buildGraph (DefaultMaven.java:448)
    at org.apache.maven.DefaultMaven.doExecute (DefaultMaven.java:197)
    at org.apache.maven.DefaultMaven.doExecute (DefaultMaven.java:173)
    at org.apache.maven.DefaultMaven.execute (DefaultMaven.java:101)
    at org.apache.maven.cli.MavenCli.execute (MavenCli.java:919)
    at org.apache.maven.cli.MavenCli.doMain (MavenCli.java:285)
    at org.apache.maven.cli.MavenCli.main (MavenCli.java:207)
    at jdk.internal.reflect.NativeMethodAccessorImpl.invoke0 (Native Method)
    at jdk.internal.reflect.NativeMethodAccessorImpl.invoke (NativeMethodAccessorImpl.java:77)
    at jdk.internal.reflect.DelegatingMethodAccessorImpl.invoke (DelegatingMethodAccessorImpl.java:43)
    at java.lang.reflect.Method.invoke (Method.java:569)
    at org.codehaus.plexus.classworlds.launcher.Launcher.launchEnhanced (Launcher.java:255)
    at org.codehaus.plexus.classworlds.launcher.Launcher.launch (Launcher.java:201)
    at org.codehaus.plexus.classworlds.launcher.Launcher.mainWithExitCode (Launcher.java:361)
    at org.codehaus.plexus.classworlds.launcher.Launcher.main (Launcher.java:314)
[ERROR]   
[ERROR]   The project com.threadsync.integration:threadsync-b2b-gateway:1.0.0-SNAPSHOT (C:\Users\vikum\OneDrive\Desktop\Choreo\pom.xml) has 2 errors
[ERROR]     Unresolveable build extension: Plugin org.wso2.maven:wso2-mi-maven-plugin:5.2.70 or one of its dependencies could not be resolved:
[ERROR]     	org.wso2.maven:wso2-mi-maven-plugin:jar:5.2.70 was not found in https://maven.wso2.org/nexus/content/groups/wso2-public/ during a previous attempt. This failure was cached in the local repository and resolution is not reattempted until the update interval of wso2-nexus has elapsed or updates are forced
[ERROR]     	org.wso2.maven:wso2-mi-maven-plugin:jar:5.2.70 was not found in https://repo.maven.apache.org/maven2 during a previous attempt. This failure was cached in the local repository and resolution is not reattempted until the update interval of central has elapsed or updates are forced: The following artifacts could not be resolved: org.wso2.maven:wso2-mi-maven-plugin:jar:5.2.70 (absent): org.wso2.maven:wso2-mi-maven-plugin:jar:5.2.70 was not found in https://maven.wso2.org/nexus/content/groups/wso2-public/ during a previous attempt. This failure was cached in the local repository and resolution is not reattempted until the update interval of wso2-nexus has elapsed or updates are forced
[ERROR]     -> [Help 2]
org.apache.maven.plugin.PluginManagerException: Plugin org.wso2.maven:wso2-mi-maven-plugin:5.2.70 or one of its dependencies could not be resolved:
	org.wso2.maven:wso2-mi-maven-plugin:jar:5.2.70 was not found in https://maven.wso2.org/nexus/content/groups/wso2-public/ during a previous attempt. This failure was cached in the local repository and resolution is not reattempted until the update interval of wso2-nexus has elapsed or updates are forced
	org.wso2.maven:wso2-mi-maven-plugin:jar:5.2.70 was not found in https://repo.maven.apache.org/maven2 during a previous attempt. This failure was cached in the local repository and resolution is not reattempted until the update interval of central has elapsed or updates are forced

    at org.apache.maven.plugin.internal.DefaultMavenPluginManager.setupExtensionsRealm (DefaultMavenPluginManager.java:792)
    at org.apache.maven.project.DefaultProjectBuildingHelper.createProjectRealm (DefaultProjectBuildingHelper.java:177)
    at org.apache.maven.project.DefaultModelBuildingListener.buildExtensionsAssembled (DefaultModelBuildingListener.java:92)
    at org.apache.maven.model.building.ModelBuildingEventCatapult$1.fire (ModelBuildingEventCatapult.java:40)
    at org.apache.maven.model.building.DefaultModelBuilder.fireEvent (DefaultModelBuilder.java:1293)
    at org.apache.maven.model.building.DefaultModelBuilder.build (DefaultModelBuilder.java:516)
    at org.apache.maven.model.building.DefaultModelBuilder.build (DefaultModelBuilder.java:497)
    at org.apache.maven.project.DefaultProjectBuilder.build (DefaultProjectBuilder.java:612)
    at org.apache.maven.project.DefaultProjectBuilder.build (DefaultProjectBuilder.java:375)
    at org.apache.maven.graph.DefaultGraphBuilder.collectProjects (DefaultGraphBuilder.java:351)
    at org.apache.maven.graph.DefaultGraphBuilder.getProjectsForMavenReactor (DefaultGraphBuilder.java:342)
    at org.apache.maven.graph.DefaultGraphBuilder.build (DefaultGraphBuilder.java:76)
    at org.apache.maven.DefaultMaven.buildGraph (DefaultMaven.java:448)
    at org.apache.maven.DefaultMaven.doExecute (DefaultMaven.java:197)
    at org.apache.maven.DefaultMaven.doExecute (DefaultMaven.java:173)
    at org.apache.maven.DefaultMaven.execute (DefaultMaven.java:101)
    at org.apache.maven.cli.MavenCli.execute (MavenCli.java:919)
    at org.apache.maven.cli.MavenCli.doMain (MavenCli.java:285)
    at org.apache.maven.cli.MavenCli.main (MavenCli.java:207)
    at jdk.internal.reflect.NativeMethodAccessorImpl.invoke0 (Native Method)
    at jdk.internal.reflect.NativeMethodAccessorImpl.invoke (NativeMethodAccessorImpl.java:77)
    at jdk.internal.reflect.DelegatingMethodAccessorImpl.invoke (DelegatingMethodAccessorImpl.java:43)
    at java.lang.reflect.Method.invoke (Method.java:569)
    at org.codehaus.plexus.classworlds.launcher.Launcher.launchEnhanced (Launcher.java:255)
    at org.codehaus.plexus.classworlds.launcher.Launcher.launch (Launcher.java:201)
    at org.codehaus.plexus.classworlds.launcher.Launcher.mainWithExitCode (Launcher.java:361)
    at org.codehaus.plexus.classworlds.launcher.Launcher.main (Launcher.java:314)
Caused by: org.apache.maven.plugin.PluginResolutionException: Plugin org.wso2.maven:wso2-mi-maven-plugin:5.2.70 or one of its dependencies could not be resolved:
	org.wso2.maven:wso2-mi-maven-plugin:jar:5.2.70 was not found in https://maven.wso2.org/nexus/content/groups/wso2-public/ during a previous attempt. This failure was cached in the local repository and resolution is not reattempted until the update interval of wso2-nexus has elapsed or updates are forced
	org.wso2.maven:wso2-mi-maven-plugin:jar:5.2.70 was not found in https://repo.maven.apache.org/maven2 during a previous attempt. This failure was cached in the local repository and resolution is not reattempted until the update interval of central has elapsed or updates are forced

    at org.apache.maven.plugin.internal.DefaultPluginDependenciesResolver.resolveInternal (DefaultPluginDependenciesResolver.java:234)
    at org.apache.maven.plugin.internal.DefaultPluginDependenciesResolver.resolve (DefaultPluginDependenciesResolver.java:169)
    at org.apache.maven.plugin.internal.DefaultMavenPluginManager.resolveExtensionArtifacts (DefaultMavenPluginManager.java:841)
    at org.apache.maven.plugin.internal.DefaultMavenPluginManager.setupExtensionsRealm (DefaultMavenPluginManager.java:787)
    at org.apache.maven.project.DefaultProjectBuildingHelper.createProjectRealm (DefaultProjectBuildingHelper.java:177)
    at org.apache.maven.project.DefaultModelBuildingListener.buildExtensionsAssembled (DefaultModelBuildingListener.java:92)
    at org.apache.maven.model.building.ModelBuildingEventCatapult$1.fire (ModelBuildingEventCatapult.java:40)
    at org.apache.maven.model.building.DefaultModelBuilder.fireEvent (DefaultModelBuilder.java:1293)
    at org.apache.maven.model.building.DefaultModelBuilder.build (DefaultModelBuilder.java:516)
    at org.apache.maven.model.building.DefaultModelBuilder.build (DefaultModelBuilder.java:497)
    at org.apache.maven.project.DefaultProjectBuilder.build (DefaultProjectBuilder.java:612)
    at org.apache.maven.project.DefaultProjectBuilder.build (DefaultProjectBuilder.java:375)
    at org.apache.maven.graph.DefaultGraphBuilder.collectProjects (DefaultGraphBuilder.java:351)
    at org.apache.maven.graph.DefaultGraphBuilder.getProjectsForMavenReactor (DefaultGraphBuilder.java:342)
    at org.apache.maven.graph.DefaultGraphBuilder.build (DefaultGraphBuilder.java:76)
    at org.apache.maven.DefaultMaven.buildGraph (DefaultMaven.java:448)
    at org.apache.maven.DefaultMaven.doExecute (DefaultMaven.java:197)
    at org.apache.maven.DefaultMaven.doExecute (DefaultMaven.java:173)
    at org.apache.maven.DefaultMaven.execute (DefaultMaven.java:101)
    at org.apache.maven.cli.MavenCli.execute (MavenCli.java:919)
    at org.apache.maven.cli.MavenCli.doMain (MavenCli.java:285)
    at org.apache.maven.cli.MavenCli.main (MavenCli.java:207)
    at jdk.internal.reflect.NativeMethodAccessorImpl.invoke0 (Native Method)
    at jdk.internal.reflect.NativeMethodAccessorImpl.invoke (NativeMethodAccessorImpl.java:77)
    at jdk.internal.reflect.DelegatingMethodAccessorImpl.invoke (DelegatingMethodAccessorImpl.java:43)
    at java.lang.reflect.Method.invoke (Method.java:569)
    at org.codehaus.plexus.classworlds.launcher.Launcher.launchEnhanced (Launcher.java:255)
    at org.codehaus.plexus.classworlds.launcher.Launcher.launch (Launcher.java:201)
    at org.codehaus.plexus.classworlds.launcher.Launcher.mainWithExitCode (Launcher.java:361)
    at org.codehaus.plexus.classworlds.launcher.Launcher.main (Launcher.java:314)
Caused by: org.eclipse.aether.resolution.DependencyResolutionException: The following artifacts could not be resolved: org.wso2.maven:wso2-mi-maven-plugin:jar:5.2.70 (absent): org.wso2.maven:wso2-mi-maven-plugin:jar:5.2.70 was not found in https://maven.wso2.org/nexus/content/groups/wso2-public/ during a previous attempt. This failure was cached in the local repository and resolution is not reattempted until the update interval of wso2-nexus has elapsed or updates are forced
    at org.eclipse.aether.internal.impl.DefaultRepositorySystem.resolveDependencies (DefaultRepositorySystem.java:365)
    at org.apache.maven.plugin.internal.DefaultPluginDependenciesResolver.resolveInternal (DefaultPluginDependenciesResolver.java:223)
    at org.apache.maven.plugin.internal.DefaultPluginDependenciesResolver.resolve (DefaultPluginDependenciesResolver.java:169)
    at org.apache.maven.plugin.internal.DefaultMavenPluginManager.resolveExtensionArtifacts (DefaultMavenPluginManager.java:841)
    at org.apache.maven.plugin.internal.DefaultMavenPluginManager.setupExtensionsRealm (DefaultMavenPluginManager.java:787)
    at org.apache.maven.project.DefaultProjectBuildingHelper.createProjectRealm (DefaultProjectBuildingHelper.java:177)
    at org.apache.maven.project.DefaultModelBuildingListener.buildExtensionsAssembled (DefaultModelBuildingListener.java:92)
    at org.apache.maven.model.building.ModelBuildingEventCatapult$1.fire (ModelBuildingEventCatapult.java:40)
    at org.apache.maven.model.building.DefaultModelBuilder.fireEvent (DefaultModelBuilder.java:1293)
    at org.apache.maven.model.building.DefaultModelBuilder.build (DefaultModelBuilder.java:516)
    at org.apache.maven.model.building.DefaultModelBuilder.build (DefaultModelBuilder.java:497)
    at org.apache.maven.project.DefaultProjectBuilder.build (DefaultProjectBuilder.java:612)
    at org.apache.maven.project.DefaultProjectBuilder.build (DefaultProjectBuilder.java:375)
    at org.apache.maven.graph.DefaultGraphBuilder.collectProjects (DefaultGraphBuilder.java:351)
    at org.apache.maven.graph.DefaultGraphBuilder.getProjectsForMavenReactor (DefaultGraphBuilder.java:342)
    at org.apache.maven.graph.DefaultGraphBuilder.build (DefaultGraphBuilder.java:76)
    at org.apache.maven.DefaultMaven.buildGraph (DefaultMaven.java:448)
    at org.apache.maven.DefaultMaven.doExecute (DefaultMaven.java:197)
    at org.apache.maven.DefaultMaven.doExecute (DefaultMaven.java:173)
    at org.apache.maven.DefaultMaven.execute (DefaultMaven.java:101)
    at org.apache.maven.cli.MavenCli.execute (MavenCli.java:919)
    at org.apache.maven.cli.MavenCli.doMain (MavenCli.java:285)
    at org.apache.maven.cli.MavenCli.main (MavenCli.java:207)
    at jdk.internal.reflect.NativeMethodAccessorImpl.invoke0 (Native Method)
    at jdk.internal.reflect.NativeMethodAccessorImpl.invoke (NativeMethodAccessorImpl.java:77)
    at jdk.internal.reflect.DelegatingMethodAccessorImpl.invoke (DelegatingMethodAccessorImpl.java:43)
    at java.lang.reflect.Method.invoke (Method.java:569)
    at org.codehaus.plexus.classworlds.launcher.Launcher.launchEnhanced (Launcher.java:255)
    at org.codehaus.plexus.classworlds.launcher.Launcher.launch (Launcher.java:201)
    at org.codehaus.plexus.classworlds.launcher.Launcher.mainWithExitCode (Launcher.java:361)
    at org.codehaus.plexus.classworlds.launcher.Launcher.main (Launcher.java:314)
Caused by: org.eclipse.aether.resolution.ArtifactResolutionException: The following artifacts could not be resolved: org.wso2.maven:wso2-mi-maven-plugin:jar:5.2.70 (absent): org.wso2.maven:wso2-mi-maven-plugin:jar:5.2.70 was not found in https://maven.wso2.org/nexus/content/groups/wso2-public/ during a previous attempt. This failure was cached in the local repository and resolution is not reattempted until the update interval of wso2-nexus has elapsed or updates are forced
    at org.eclipse.aether.internal.impl.DefaultArtifactResolver.resolve (DefaultArtifactResolver.java:473)
    at org.eclipse.aether.internal.impl.DefaultArtifactResolver.resolveArtifacts (DefaultArtifactResolver.java:261)
    at org.eclipse.aether.internal.impl.DefaultRepositorySystem.resolveDependencies (DefaultRepositorySystem.java:353)
    at org.apache.maven.plugin.internal.DefaultPluginDependenciesResolver.resolveInternal (DefaultPluginDependenciesResolver.java:223)
    at org.apache.maven.plugin.internal.DefaultPluginDependenciesResolver.resolve (DefaultPluginDependenciesResolver.java:169)
    at org.apache.maven.plugin.internal.DefaultMavenPluginManager.resolveExtensionArtifacts (DefaultMavenPluginManager.java:841)
    at org.apache.maven.plugin.internal.DefaultMavenPluginManager.setupExtensionsRealm (DefaultMavenPluginManager.java:787)
    at org.apache.maven.project.DefaultProjectBuildingHelper.createProjectRealm (DefaultProjectBuildingHelper.java:177)
    at org.apache.maven.project.DefaultModelBuildingListener.buildExtensionsAssembled (DefaultModelBuildingListener.java:92)
    at org.apache.maven.model.building.ModelBuildingEventCatapult$1.fire (ModelBuildingEventCatapult.java:40)
    at org.apache.maven.model.building.DefaultModelBuilder.fireEvent (DefaultModelBuilder.java:1293)
    at org.apache.maven.model.building.DefaultModelBuilder.build (DefaultModelBuilder.java:516)
    at org.apache.maven.model.building.DefaultModelBuilder.build (DefaultModelBuilder.java:497)
    at org.apache.maven.project.DefaultProjectBuilder.build (DefaultProjectBuilder.java:612)
    at org.apache.maven.project.DefaultProjectBuilder.build (DefaultProjectBuilder.java:375)
    at org.apache.maven.graph.DefaultGraphBuilder.collectProjects (DefaultGraphBuilder.java:351)
    at org.apache.maven.graph.DefaultGraphBuilder.getProjectsForMavenReactor (DefaultGraphBuilder.java:342)
    at org.apache.maven.graph.DefaultGraphBuilder.build (DefaultGraphBuilder.java:76)
    at org.apache.maven.DefaultMaven.buildGraph (DefaultMaven.java:448)
    at org.apache.maven.DefaultMaven.doExecute (DefaultMaven.java:197)
    at org.apache.maven.DefaultMaven.doExecute (DefaultMaven.java:173)
    at org.apache.maven.DefaultMaven.execute (DefaultMaven.java:101)
    at org.apache.maven.cli.MavenCli.execute (MavenCli.java:919)
    at org.apache.maven.cli.MavenCli.doMain (MavenCli.java:285)
    at org.apache.maven.cli.MavenCli.main (MavenCli.java:207)
    at jdk.internal.reflect.NativeMethodAccessorImpl.invoke0 (Native Method)
    at jdk.internal.reflect.NativeMethodAccessorImpl.invoke (NativeMethodAccessorImpl.java:77)
    at jdk.internal.reflect.DelegatingMethodAccessorImpl.invoke (DelegatingMethodAccessorImpl.java:43)
    at java.lang.reflect.Method.invoke (Method.java:569)
    at org.codehaus.plexus.classworlds.launcher.Launcher.launchEnhanced (Launcher.java:255)
    at org.codehaus.plexus.classworlds.launcher.Launcher.launch (Launcher.java:201)
    at org.codehaus.plexus.classworlds.launcher.Launcher.mainWithExitCode (Launcher.java:361)
    at org.codehaus.plexus.classworlds.launcher.Launcher.main (Launcher.java:314)
Caused by: org.eclipse.aether.transfer.ArtifactNotFoundException: org.wso2.maven:wso2-mi-maven-plugin:jar:5.2.70 was not found in https://maven.wso2.org/nexus/content/groups/wso2-public/ during a previous attempt. This failure was cached in the local repository and resolution is not reattempted until the update interval of wso2-nexus has elapsed or updates are forced
    at org.eclipse.aether.internal.impl.DefaultUpdateCheckManager.newException (DefaultUpdateCheckManager.java:225)
    at org.eclipse.aether.internal.impl.DefaultUpdateCheckManager.checkArtifact (DefaultUpdateCheckManager.java:201)
    at org.eclipse.aether.internal.impl.DefaultArtifactResolver.gatherDownloads (DefaultArtifactResolver.java:586)
    at org.eclipse.aether.internal.impl.DefaultArtifactResolver.performDownloads (DefaultArtifactResolver.java:525)
    at org.eclipse.aether.internal.impl.DefaultArtifactResolver.resolve (DefaultArtifactResolver.java:449)
    at org.eclipse.aether.internal.impl.DefaultArtifactResolver.resolveArtifacts (DefaultArtifactResolver.java:261)
    at org.eclipse.aether.internal.impl.DefaultRepositorySystem.resolveDependencies (DefaultRepositorySystem.java:353)
    at org.apache.maven.plugin.internal.DefaultPluginDependenciesResolver.resolveInternal (DefaultPluginDependenciesResolver.java:223)
    at org.apache.maven.plugin.internal.DefaultPluginDependenciesResolver.resolve (DefaultPluginDependenciesResolver.java:169)
    at org.apache.maven.plugin.internal.DefaultMavenPluginManager.resolveExtensionArtifacts (DefaultMavenPluginManager.java:841)
    at org.apache.maven.plugin.internal.DefaultMavenPluginManager.setupExtensionsRealm (DefaultMavenPluginManager.java:787)
    at org.apache.maven.project.DefaultProjectBuildingHelper.createProjectRealm (DefaultProjectBuildingHelper.java:177)
    at org.apache.maven.project.DefaultModelBuildingListener.buildExtensionsAssembled (DefaultModelBuildingListener.java:92)
    at org.apache.maven.model.building.ModelBuildingEventCatapult$1.fire (ModelBuildingEventCatapult.java:40)
    at org.apache.maven.model.building.DefaultModelBuilder.fireEvent (DefaultModelBuilder.java:1293)
    at org.apache.maven.model.building.DefaultModelBuilder.build (DefaultModelBuilder.java:516)
    at org.apache.maven.model.building.DefaultModelBuilder.build (DefaultModelBuilder.java:497)
    at org.apache.maven.project.DefaultProjectBuilder.build (DefaultProjectBuilder.java:612)
    at org.apache.maven.project.DefaultProjectBuilder.build (DefaultProjectBuilder.java:375)
    at org.apache.maven.graph.DefaultGraphBuilder.collectProjects (DefaultGraphBuilder.java:351)
    at org.apache.maven.graph.DefaultGraphBuilder.getProjectsForMavenReactor (DefaultGraphBuilder.java:342)
    at org.apache.maven.graph.DefaultGraphBuilder.build (DefaultGraphBuilder.java:76)
    at org.apache.maven.DefaultMaven.buildGraph (DefaultMaven.java:448)
    at org.apache.maven.DefaultMaven.doExecute (DefaultMaven.java:197)
    at org.apache.maven.DefaultMaven.doExecute (DefaultMaven.java:173)
    at org.apache.maven.DefaultMaven.execute (DefaultMaven.java:101)
    at org.apache.maven.cli.MavenCli.execute (MavenCli.java:919)
    at org.apache.maven.cli.MavenCli.doMain (MavenCli.java:285)
    at org.apache.maven.cli.MavenCli.main (MavenCli.java:207)
    at jdk.internal.reflect.NativeMethodAccessorImpl.invoke0 (Native Method)
    at jdk.internal.reflect.NativeMethodAccessorImpl.invoke (NativeMethodAccessorImpl.java:77)
    at jdk.internal.reflect.DelegatingMethodAccessorImpl.invoke (DelegatingMethodAccessorImpl.java:43)
    at java.lang.reflect.Method.invoke (Method.java:569)
    at org.codehaus.plexus.classworlds.launcher.Launcher.launchEnhanced (Launcher.java:255)
    at org.codehaus.plexus.classworlds.launcher.Launcher.launch (Launcher.java:201)
    at org.codehaus.plexus.classworlds.launcher.Launcher.mainWithExitCode (Launcher.java:361)
    at org.codehaus.plexus.classworlds.launcher.Launcher.main (Launcher.java:314)
[ERROR]     Unknown packaging: wso2/mi @ line 8, column 14
[ERROR] 
[ERROR] 
[ERROR] For more information about the errors and possible solutions, please read the following articles:
[ERROR] [Help 1] http://cwiki.apache.org/confluence/display/MAVEN/ProjectBuildingException
[ERROR] [Help 2] http://cwiki.apache.org/confluence/display/MAVEN/PluginManagerException
[DEBUG] Shutting down adapter factory; available factories [file-lock, rwlock-local, semaphore-local, noop]; available name mappers [discriminating, file-gaecv, file-gav, file-hgaecv, file-hgav, file-static, gaecv, gav, static]
[DEBUG] Shutting down 'file-lock' factory
[DEBUG] Shutting down 'rwlock-local' factory
[DEBUG] Shutting down 'semaphore-local' factory
[DEBUG] Shutting down 'noop' factory
