[INFO] Scanning for projects...
[WARNING] 1 problem was encountered while building the effective model for org.apache.geronimo.specs.wso2:geronimo-stax-api_1.0_spec:jar:1.0.1.wso2v1 during dependency collection step for plugin (use -X to see details)
[INFO] ------------------------------------------------------------------------
[INFO] Reactor Build Order:
[INFO] 
[INFO] hello                                                              [pom]
[INFO] ThreadSyncConfigs                                                  [pom]
[INFO] ThreadSyncCompositeExporter                         [carbon/application]
[INFO] 
[INFO] --------------------< wso2.sampleHelloWorld:hello >---------------------
[INFO] Building hello 1.0.0-SNAPSHOT                                      [1/3]
[INFO]   from pom.xml
[INFO] --------------------------------[ pom ]---------------------------------
[INFO] 
[INFO] --- clean:3.2.0:clean (default-clean) @ hello ---
[INFO] 
[INFO] --- install:3.1.2:install (default-install) @ hello ---
[INFO] Installing C:\Users\vikum\OneDrive\Desktop\Choreo\pom.xml to C:\Users\vikum\.m2\repository\wso2\sampleHelloWorld\hello\1.0.0-SNAPSHOT\hello-1.0.0-SNAPSHOT.pom
[INFO] 
[INFO] --------------< wso2.sampleHelloWorld:ThreadSyncConfigs >---------------
[INFO] Building ThreadSyncConfigs 1.0.0-SNAPSHOT                          [2/3]
[INFO]   from ThreadSyncConfigs\pom.xml
[INFO] --------------------------------[ pom ]---------------------------------
[INFO] 
[INFO] --- clean:3.2.0:clean (default-clean) @ ThreadSyncConfigs ---
[INFO] Deleting C:\Users\vikum\OneDrive\Desktop\Choreo\ThreadSyncConfigs\target\capp
[INFO] 
[INFO] --- wso2-esb-api:5.2.42:pom-gen (api) @ ThreadSyncConfigs ---
[INFO] Creating maven project for artifact OrderReceiptAPI:1.0.0...
[INFO] 	generating maven project...
[INFO] 	copying resources...
[INFO] 
[INFO] --- wso2-esb-metadata:5.2.42:pom-gen (metadata) @ ThreadSyncConfigs ---
[INFO] 
[INFO] --- exec:1.4.0:exec (package) @ ThreadSyncConfigs ---
[INFO] Scanning for projects...
[INFO] ------------------------------------------------------------------------
[INFO] Reactor Build Order:
[INFO] 
[INFO] OrderReceiptAPI                                            [synapse/api]
[INFO] ThreadSyncConfigs_module                                           [pom]
[INFO] 
[INFO] -------------< wso2.sampleHelloWorld.api:OrderReceiptAPI >--------------
[INFO] Building OrderReceiptAPI 1.0.0                                     [1/2]
[INFO]   from artifacts\api\OrderReceiptAPI\pom.xml
[INFO] ----------------------------[ synapse/api ]-----------------------------
[WARNING] Ignoring incompatible plugin version 4.0.0-beta-1: 
The plugin org.apache.maven.plugins:maven-resources-plugin:4.0.0-beta-1 has unmet prerequisites: 
	Required Maven version 4.0.0-beta-3 is not met by current version 3.9.12
[INFO] Latest version of plugin org.apache.maven.plugins:maven-resources-plugin failed compatibility check
[INFO] Looking for compatible RELEASE version of plugin org.apache.maven.plugins:maven-resources-plugin
[INFO] Selected plugin org.apache.maven.plugins:maven-resources-plugin:3.5.0
[WARNING] Ignoring incompatible plugin version 4.0.0-beta-4: 
The plugin org.apache.maven.plugins:maven-compiler-plugin:4.0.0-beta-4 has unmet prerequisites: 
	Required Maven version 4.0.0-rc-4 is not met by current version 3.9.12
[INFO] Latest version of plugin org.apache.maven.plugins:maven-compiler-plugin failed compatibility check
[INFO] Looking for compatible RELEASE version of plugin org.apache.maven.plugins:maven-compiler-plugin
[WARNING] Ignoring incompatible plugin version 4.0.0-beta-3: 
The plugin org.apache.maven.plugins:maven-compiler-plugin:4.0.0-beta-3 has unmet prerequisites: 
	Required Maven version 4.0.0-rc-4 is not met by current version 3.9.12
[WARNING] Ignoring incompatible plugin version 4.0.0-beta-2: 
The plugin org.apache.maven.plugins:maven-compiler-plugin:4.0.0-beta-2 has unmet prerequisites: 
	Required Maven version 4.0.0-rc-2 is not met by current version 3.9.12
[WARNING] Ignoring incompatible plugin version 4.0.0-beta-1: 
The plugin org.apache.maven.plugins:maven-compiler-plugin:4.0.0-beta-1 has unmet prerequisites: 
	Required Maven version 4.0.0-beta-3 is not met by current version 3.9.12
[INFO] Selected plugin org.apache.maven.plugins:maven-compiler-plugin:3.15.0
[WARNING] Ignoring incompatible plugin version 4.0.0-beta-2: 
The plugin org.apache.maven.plugins:maven-install-plugin:4.0.0-beta-2 has unmet prerequisites: 
	Required Maven version 4.0.0-rc-2 is not met by current version 3.9.12
[INFO] Latest version of plugin org.apache.maven.plugins:maven-install-plugin failed compatibility check
[INFO] Looking for compatible RELEASE version of plugin org.apache.maven.plugins:maven-install-plugin
[WARNING] Ignoring incompatible plugin version 4.0.0-beta-1: 
The plugin org.apache.maven.plugins:maven-install-plugin:4.0.0-beta-1 has unmet prerequisites: 
	Required Maven version 4.0.0-beta-3 is not met by current version 3.9.12
[INFO] Selected plugin org.apache.maven.plugins:maven-install-plugin:3.1.4
[WARNING] Ignoring incompatible plugin version 4.0.0-beta-2: 
The plugin org.apache.maven.plugins:maven-deploy-plugin:4.0.0-beta-2 has unmet prerequisites: 
	Required Maven version 4.0.0-rc-2 is not met by current version 3.9.12
[INFO] Latest version of plugin org.apache.maven.plugins:maven-deploy-plugin failed compatibility check
[INFO] Looking for compatible RELEASE version of plugin org.apache.maven.plugins:maven-deploy-plugin
[WARNING] Ignoring incompatible plugin version 4.0.0-beta-1: 
The plugin org.apache.maven.plugins:maven-deploy-plugin:4.0.0-beta-1 has unmet prerequisites: 
	Required Maven version 4.0.0-beta-3 is not met by current version 3.9.12
[INFO] Selected plugin org.apache.maven.plugins:maven-deploy-plugin:3.1.4
[INFO] 
[INFO] --- clean:3.2.0:clean (default-clean) @ OrderReceiptAPI ---
[INFO] 
[INFO] --- resources:3.5.0:resources (default-resources) @ OrderReceiptAPI ---
[WARNING] Using platform encoding (Cp1252 actually) to copy filtered resources, i.e. build is platform dependent!
[INFO] skip non existing resourceDirectory C:\Users\vikum\OneDrive\Desktop\Choreo\ThreadSyncConfigs\target\capp\artifacts\api\OrderReceiptAPI\src\main\resources
[INFO] 
[INFO] --- compiler:3.15.0:compile (default-compile) @ OrderReceiptAPI ---
[INFO] No sources to compile
[INFO] 
[INFO] --- resources:3.5.0:testResources (default-testResources) @ OrderReceiptAPI ---
[WARNING] Using platform encoding (Cp1252 actually) to copy filtered resources, i.e. build is platform dependent!
[INFO] skip non existing resourceDirectory C:\Users\vikum\OneDrive\Desktop\Choreo\ThreadSyncConfigs\target\capp\artifacts\api\OrderReceiptAPI\src\test\resources
[INFO] 
[INFO] --- compiler:3.15.0:testCompile (default-testCompile) @ OrderReceiptAPI ---
[INFO] No sources to compile
[INFO] 
[INFO] --- surefire:3.5.5:test (default-test) @ OrderReceiptAPI ---
[INFO] No tests to run.
[INFO] 
[INFO] --- wso2-esb-api:5.2.42:package-api (default-package-api) @ OrderReceiptAPI ---
[INFO] 
[INFO] -----------< wso2.sampleHelloWorld:ThreadSyncConfigs_module >-----------
[INFO] Building ThreadSyncConfigs_module 1.0.0-SNAPSHOT                   [2/2]
[INFO]   from pom.xml
[INFO] --------------------------------[ pom ]---------------------------------
[INFO] 
[INFO] --- clean:3.2.0:clean (default-clean) @ ThreadSyncConfigs_module ---
[INFO] ------------------------------------------------------------------------
[INFO] Reactor Summary:
[INFO] 
[INFO] OrderReceiptAPI 1.0.0 .............................. SUCCESS [  1.391 s]
[INFO] ThreadSyncConfigs_module 1.0.0-SNAPSHOT ............ SUCCESS [  0.081 s]
[INFO] ------------------------------------------------------------------------
[INFO] BUILD SUCCESS
[INFO] ------------------------------------------------------------------------
[INFO] Total time:  2.593 s
[INFO] Finished at: 2026-04-08T12:00:10+05:30
[INFO] ------------------------------------------------------------------------
[INFO] 
[INFO] --- install:3.1.2:install (default-install) @ ThreadSyncConfigs ---
[INFO] Installing C:\Users\vikum\OneDrive\Desktop\Choreo\ThreadSyncConfigs\pom.xml to C:\Users\vikum\.m2\repository\wso2\sampleHelloWorld\ThreadSyncConfigs\1.0.0-SNAPSHOT\ThreadSyncConfigs-1.0.0-SNAPSHOT.pom
[INFO] 
[INFO] --- exec:1.4.0:exec (install) @ ThreadSyncConfigs ---
[INFO] Scanning for projects...
[INFO] ------------------------------------------------------------------------
[INFO] Reactor Build Order:
[INFO] 
[INFO] OrderReceiptAPI                                            [synapse/api]
[INFO] ThreadSyncConfigs_module                                           [pom]
[INFO] 
[INFO] -------------< wso2.sampleHelloWorld.api:OrderReceiptAPI >--------------
[INFO] Building OrderReceiptAPI 1.0.0                                     [1/2]
[INFO]   from artifacts\api\OrderReceiptAPI\pom.xml
[INFO] ----------------------------[ synapse/api ]-----------------------------
[WARNING] Ignoring incompatible plugin version 4.0.0-beta-1: 
The plugin org.apache.maven.plugins:maven-resources-plugin:4.0.0-beta-1 has unmet prerequisites: 
	Required Maven version 4.0.0-beta-3 is not met by current version 3.9.12
[INFO] Latest version of plugin org.apache.maven.plugins:maven-resources-plugin failed compatibility check
[INFO] Looking for compatible RELEASE version of plugin org.apache.maven.plugins:maven-resources-plugin
[INFO] Selected plugin org.apache.maven.plugins:maven-resources-plugin:3.5.0
[WARNING] Ignoring incompatible plugin version 4.0.0-beta-4: 
The plugin org.apache.maven.plugins:maven-compiler-plugin:4.0.0-beta-4 has unmet prerequisites: 
	Required Maven version 4.0.0-rc-4 is not met by current version 3.9.12
[INFO] Latest version of plugin org.apache.maven.plugins:maven-compiler-plugin failed compatibility check
[INFO] Looking for compatible RELEASE version of plugin org.apache.maven.plugins:maven-compiler-plugin
[WARNING] Ignoring incompatible plugin version 4.0.0-beta-3: 
The plugin org.apache.maven.plugins:maven-compiler-plugin:4.0.0-beta-3 has unmet prerequisites: 
	Required Maven version 4.0.0-rc-4 is not met by current version 3.9.12
[WARNING] Ignoring incompatible plugin version 4.0.0-beta-2: 
The plugin org.apache.maven.plugins:maven-compiler-plugin:4.0.0-beta-2 has unmet prerequisites: 
	Required Maven version 4.0.0-rc-2 is not met by current version 3.9.12
[WARNING] Ignoring incompatible plugin version 4.0.0-beta-1: 
The plugin org.apache.maven.plugins:maven-compiler-plugin:4.0.0-beta-1 has unmet prerequisites: 
	Required Maven version 4.0.0-beta-3 is not met by current version 3.9.12
[INFO] Selected plugin org.apache.maven.plugins:maven-compiler-plugin:3.15.0
[WARNING] Ignoring incompatible plugin version 4.0.0-beta-2: 
The plugin org.apache.maven.plugins:maven-install-plugin:4.0.0-beta-2 has unmet prerequisites: 
	Required Maven version 4.0.0-rc-2 is not met by current version 3.9.12
[INFO] Latest version of plugin org.apache.maven.plugins:maven-install-plugin failed compatibility check
[INFO] Looking for compatible RELEASE version of plugin org.apache.maven.plugins:maven-install-plugin
[WARNING] Ignoring incompatible plugin version 4.0.0-beta-1: 
The plugin org.apache.maven.plugins:maven-install-plugin:4.0.0-beta-1 has unmet prerequisites: 
	Required Maven version 4.0.0-beta-3 is not met by current version 3.9.12
[INFO] Selected plugin org.apache.maven.plugins:maven-install-plugin:3.1.4
[WARNING] Ignoring incompatible plugin version 4.0.0-beta-2: 
The plugin org.apache.maven.plugins:maven-deploy-plugin:4.0.0-beta-2 has unmet prerequisites: 
	Required Maven version 4.0.0-rc-2 is not met by current version 3.9.12
[INFO] Latest version of plugin org.apache.maven.plugins:maven-deploy-plugin failed compatibility check
[INFO] Looking for compatible RELEASE version of plugin org.apache.maven.plugins:maven-deploy-plugin
[WARNING] Ignoring incompatible plugin version 4.0.0-beta-1: 
The plugin org.apache.maven.plugins:maven-deploy-plugin:4.0.0-beta-1 has unmet prerequisites: 
	Required Maven version 4.0.0-beta-3 is not met by current version 3.9.12
[INFO] Selected plugin org.apache.maven.plugins:maven-deploy-plugin:3.1.4
[INFO] 
[INFO] --- clean:3.2.0:clean (default-clean) @ OrderReceiptAPI ---
[INFO] Deleting C:\Users\vikum\OneDrive\Desktop\Choreo\ThreadSyncConfigs\target\capp\artifacts\api\OrderReceiptAPI\target
[INFO] 
[INFO] --- resources:3.5.0:resources (default-resources) @ OrderReceiptAPI ---
[WARNING] Using platform encoding (Cp1252 actually) to copy filtered resources, i.e. build is platform dependent!
[INFO] skip non existing resourceDirectory C:\Users\vikum\OneDrive\Desktop\Choreo\ThreadSyncConfigs\target\capp\artifacts\api\OrderReceiptAPI\src\main\resources
[INFO] 
[INFO] --- compiler:3.15.0:compile (default-compile) @ OrderReceiptAPI ---
[INFO] No sources to compile
[INFO] 
[INFO] --- resources:3.5.0:testResources (default-testResources) @ OrderReceiptAPI ---
[WARNING] Using platform encoding (Cp1252 actually) to copy filtered resources, i.e. build is platform dependent!
[INFO] skip non existing resourceDirectory C:\Users\vikum\OneDrive\Desktop\Choreo\ThreadSyncConfigs\target\capp\artifacts\api\OrderReceiptAPI\src\test\resources
[INFO] 
[INFO] --- compiler:3.15.0:testCompile (default-testCompile) @ OrderReceiptAPI ---
[INFO] No sources to compile
[INFO] 
[INFO] --- surefire:3.5.5:test (default-test) @ OrderReceiptAPI ---
[INFO] No tests to run.
[INFO] 
[INFO] --- wso2-esb-api:5.2.42:package-api (default-package-api) @ OrderReceiptAPI ---
[INFO] 
[INFO] --- install:3.1.4:install (default-install) @ OrderReceiptAPI ---
[INFO] Installing C:\Users\vikum\OneDrive\Desktop\Choreo\ThreadSyncConfigs\target\capp\artifacts\api\OrderReceiptAPI\pom.xml to C:\Users\vikum\.m2\repository\wso2\sampleHelloWorld\api\OrderReceiptAPI\1.0.0\OrderReceiptAPI-1.0.0.pom
[INFO] Installing C:\Users\vikum\OneDrive\Desktop\Choreo\ThreadSyncConfigs\target\capp\artifacts\api\OrderReceiptAPI\target\OrderReceiptAPI-1.0.0.xml to C:\Users\vikum\.m2\repository\wso2\sampleHelloWorld\api\OrderReceiptAPI\1.0.0\OrderReceiptAPI-1.0.0.xml
[INFO] 
[INFO] -----------< wso2.sampleHelloWorld:ThreadSyncConfigs_module >-----------
[INFO] Building ThreadSyncConfigs_module 1.0.0-SNAPSHOT                   [2/2]
[INFO]   from pom.xml
[INFO] --------------------------------[ pom ]---------------------------------
[INFO] 
[INFO] --- clean:3.2.0:clean (default-clean) @ ThreadSyncConfigs_module ---
[INFO] 
[INFO] --- install:3.1.2:install (default-install) @ ThreadSyncConfigs_module ---
[INFO] Installing C:\Users\vikum\OneDrive\Desktop\Choreo\ThreadSyncConfigs\target\capp\pom.xml to C:\Users\vikum\.m2\repository\wso2\sampleHelloWorld\ThreadSyncConfigs_module\1.0.0-SNAPSHOT\ThreadSyncConfigs_module-1.0.0-SNAPSHOT.pom
[INFO] ------------------------------------------------------------------------
[INFO] Reactor Summary:
[INFO] 
[INFO] OrderReceiptAPI 1.0.0 .............................. SUCCESS [  1.460 s]
[INFO] ThreadSyncConfigs_module 1.0.0-SNAPSHOT ............ SUCCESS [  0.167 s]
[INFO] ------------------------------------------------------------------------
[INFO] BUILD SUCCESS
[INFO] ------------------------------------------------------------------------
[INFO] Total time:  2.656 s
[INFO] Finished at: 2026-04-08T12:00:16+05:30
[INFO] ------------------------------------------------------------------------
[INFO] 
[INFO] ---------< wso2.sampleHelloWorld:ThreadSyncCompositeExporter >----------
[INFO] Building ThreadSyncCompositeExporter 1.0.0-SNAPSHOT                [3/3]
[INFO]   from ThreadSyncCompositeExporter\pom.xml
[INFO] -------------------------[ carbon/application ]-------------------------
[WARNING] Ignoring incompatible plugin version 4.0.0-beta-1: 
The plugin org.apache.maven.plugins:maven-resources-plugin:4.0.0-beta-1 has unmet prerequisites: 
	Required Maven version 4.0.0-beta-3 is not met by current version 3.9.12
[INFO] Latest version of plugin org.apache.maven.plugins:maven-resources-plugin failed compatibility check
[INFO] Looking for compatible RELEASE version of plugin org.apache.maven.plugins:maven-resources-plugin
[INFO] Selected plugin org.apache.maven.plugins:maven-resources-plugin:3.5.0
[WARNING] Ignoring incompatible plugin version 4.0.0-beta-4: 
The plugin org.apache.maven.plugins:maven-compiler-plugin:4.0.0-beta-4 has unmet prerequisites: 
	Required Maven version 4.0.0-rc-4 is not met by current version 3.9.12
[INFO] Latest version of plugin org.apache.maven.plugins:maven-compiler-plugin failed compatibility check
[INFO] Looking for compatible RELEASE version of plugin org.apache.maven.plugins:maven-compiler-plugin
[WARNING] Ignoring incompatible plugin version 4.0.0-beta-3: 
The plugin org.apache.maven.plugins:maven-compiler-plugin:4.0.0-beta-3 has unmet prerequisites: 
	Required Maven version 4.0.0-rc-4 is not met by current version 3.9.12
[WARNING] Ignoring incompatible plugin version 4.0.0-beta-2: 
The plugin org.apache.maven.plugins:maven-compiler-plugin:4.0.0-beta-2 has unmet prerequisites: 
	Required Maven version 4.0.0-rc-2 is not met by current version 3.9.12
[WARNING] Ignoring incompatible plugin version 4.0.0-beta-1: 
The plugin org.apache.maven.plugins:maven-compiler-plugin:4.0.0-beta-1 has unmet prerequisites: 
	Required Maven version 4.0.0-beta-3 is not met by current version 3.9.12
[INFO] Selected plugin org.apache.maven.plugins:maven-compiler-plugin:3.15.0
[WARNING] Ignoring incompatible plugin version 4.0.0-beta-2: 
The plugin org.apache.maven.plugins:maven-install-plugin:4.0.0-beta-2 has unmet prerequisites: 
	Required Maven version 4.0.0-rc-2 is not met by current version 3.9.12
[INFO] Latest version of plugin org.apache.maven.plugins:maven-install-plugin failed compatibility check
[INFO] Looking for compatible RELEASE version of plugin org.apache.maven.plugins:maven-install-plugin
[WARNING] Ignoring incompatible plugin version 4.0.0-beta-1: 
The plugin org.apache.maven.plugins:maven-install-plugin:4.0.0-beta-1 has unmet prerequisites: 
	Required Maven version 4.0.0-beta-3 is not met by current version 3.9.12
[INFO] Selected plugin org.apache.maven.plugins:maven-install-plugin:3.1.4
[WARNING] The POM for wso2.sampleHelloWorld.sequence:MockAIEnrichmentSequence:xml:1.0.0 is missing, no dependency information available
[WARNING] The POM for wso2.sampleHelloWorld.sequence:SupplierRouterSequence:xml:1.0.0 is missing, no dependency information available
[INFO] ------------------------------------------------------------------------
[INFO] Reactor Summary for hello 1.0.0-SNAPSHOT:
[INFO] 
[INFO] hello .............................................. SUCCESS [  0.363 s]
[INFO] ThreadSyncConfigs .................................. SUCCESS [ 12.647 s]
[INFO] ThreadSyncCompositeExporter ........................ FAILURE [  0.313 s]
[INFO] ------------------------------------------------------------------------
[INFO] BUILD FAILURE
[INFO] ------------------------------------------------------------------------
[INFO] Total time:  16.060 s
[INFO] Finished at: 2026-04-08T12:00:16+05:30
[INFO] ------------------------------------------------------------------------
[ERROR] Failed to execute goal on project ThreadSyncCompositeExporter: Could not resolve dependencies for project wso2.sampleHelloWorld:ThreadSyncCompositeExporter:carbon/application:1.0.0-SNAPSHOT
[ERROR] dependency: wso2.sampleHelloWorld.sequence:MockAIEnrichmentSequence:xml:1.0.0 (compile)
[ERROR] 	wso2.sampleHelloWorld.sequence:MockAIEnrichmentSequence:xml:1.0.0 was not found in https://maven.wso2.org/nexus/content/groups/wso2-public/ during a previous attempt. This failure was cached in the local repository and resolution is not reattempted until the update interval of wso2-nexus has elapsed or updates are forced
[ERROR] 	wso2.sampleHelloWorld.sequence:MockAIEnrichmentSequence:xml:1.0.0 was not found in https://maven.wso2.org/nexus/content/groups/wso2-public/ during a previous attempt. This failure was cached in the local repository and resolution is not reattempted until the update interval of wso2-nexus-repository-1 has elapsed or updates are forced
[ERROR] 	wso2.sampleHelloWorld.sequence:MockAIEnrichmentSequence:xml:1.0.0 was not found in https://repo.maven.apache.org/maven2 during a previous attempt. This failure was cached in the local repository and resolution is not reattempted until the update interval of central has elapsed or updates are forced
[ERROR] dependency: wso2.sampleHelloWorld.sequence:SupplierRouterSequence:xml:1.0.0 (compile)
[ERROR] 	wso2.sampleHelloWorld.sequence:SupplierRouterSequence:xml:1.0.0 was not found in https://maven.wso2.org/nexus/content/groups/wso2-public/ during a previous attempt. This failure was cached in the local repository and resolution is not reattempted until the update interval of wso2-nexus has elapsed or updates are forced
[ERROR] 	wso2.sampleHelloWorld.sequence:SupplierRouterSequence:xml:1.0.0 was not found in https://maven.wso2.org/nexus/content/groups/wso2-public/ during a previous attempt. This failure was cached in the local repository and resolution is not reattempted until the update interval of wso2-nexus-repository-1 has elapsed or updates are forced
[ERROR] 	wso2.sampleHelloWorld.sequence:SupplierRouterSequence:xml:1.0.0 was not found in https://repo.maven.apache.org/maven2 during a previous attempt. This failure was cached in the local repository and resolution is not reattempted until the update interval of central has elapsed or updates are forced
[ERROR] 
[ERROR] -> [Help 1]
[ERROR] 
[ERROR] To see the full stack trace of the errors, re-run Maven with the -e switch.
[ERROR] Re-run Maven using the -X switch to enable full debug logging.
[ERROR] 
[ERROR] For more information about the errors and possible solutions, please read the following articles:
[ERROR] [Help 1] http://cwiki.apache.org/confluence/display/MAVEN/DependencyResolutionException
[ERROR] 
[ERROR] After correcting the problems, you can resume the build with the command
[ERROR]   mvn <args> -rf :ThreadSyncCompositeExporter
