[INFO] Scanning for projects...
[WARNING] 1 problem was encountered while building the effective model for org.apache.geronimo.specs.wso2:geronimo-stax-api_1.0_spec:jar:1.0.1.wso2v1 during dependency collection step for plugin (use -X to see details)
[INFO] ------------------------------------------------------------------------
[INFO] Reactor Build Order:
[INFO] 
[INFO] ThreadSync                                                         [pom]
[INFO] ThreadSyncConfigs                                                  [pom]
[INFO] ThreadSyncCompositeExporter                         [carbon/application]
[INFO] 
[INFO] ---------------< com.threadsync.integration:ThreadSync >----------------
[INFO] Building ThreadSync 1.0.0-SNAPSHOT                                 [1/3]
[INFO]   from pom.xml
[INFO] --------------------------------[ pom ]---------------------------------
[INFO] 
[INFO] --- clean:3.2.0:clean (default-clean) @ ThreadSync ---
[INFO] 
[INFO] ------------< com.threadsync.integration:ThreadSyncConfigs >------------
[INFO] Building ThreadSyncConfigs 1.0.0-SNAPSHOT                          [2/3]
[INFO]   from ThreadSyncConfigs\pom.xml
[INFO] --------------------------------[ pom ]---------------------------------
[INFO] 
[INFO] --- clean:3.2.0:clean (default-clean) @ ThreadSyncConfigs ---
[INFO] Deleting C:\Users\vikum\OneDrive\Desktop\Choreo\ThreadSyncConfigs\target\capp
[INFO] 
[INFO] --- wso2-esb-api:5.2.42:pom-gen (api) @ ThreadSyncConfigs ---
[INFO] Creating maven project for artifact OrderReceiptAPI:1.0.0...
[INFO] 	generating maven project...
[INFO] 	copying resources...
[INFO] 
[INFO] --- wso2-esb-metadata:5.2.42:pom-gen (metadata) @ ThreadSyncConfigs ---
[INFO] 
[INFO] --- wso2-esb-sequence:5.2.42:pom-gen (sequence) @ ThreadSyncConfigs ---
[INFO] Creating maven project for artifact MockAIEnrichmentSequence:1.0.0...
[INFO] 	generating maven project...
[INFO] 	copying resources...
[INFO] Creating maven project for artifact SupplierRouterSequence:1.0.0...
[INFO] 	generating maven project...
[INFO] 	copying resources...
[INFO] 
[INFO] -------< com.threadsync.integration:ThreadSyncCompositeExporter >-------
[INFO] Building ThreadSyncCompositeExporter 1.0.0-SNAPSHOT                [3/3]
[INFO]   from ThreadSyncCompositeExporter\pom.xml
[INFO] -------------------------[ carbon/application ]-------------------------
[WARNING] Ignoring incompatible plugin version 4.0.0-beta-1: 
The plugin org.apache.maven.plugins:maven-resources-plugin:4.0.0-beta-1 has unmet prerequisites: 
	Required Maven version 4.0.0-beta-3 is not met by current version 3.9.12
[INFO] Latest version of plugin org.apache.maven.plugins:maven-resources-plugin failed compatibility check
[INFO] Looking for compatible RELEASE version of plugin org.apache.maven.plugins:maven-resources-plugin
[INFO] Selected plugin org.apache.maven.plugins:maven-resources-plugin:3.5.0
[WARNING] Ignoring incompatible plugin version 4.0.0-beta-4: 
The plugin org.apache.maven.plugins:maven-compiler-plugin:4.0.0-beta-4 has unmet prerequisites: 
	Required Maven version 4.0.0-rc-4 is not met by current version 3.9.12
[INFO] Latest version of plugin org.apache.maven.plugins:maven-compiler-plugin failed compatibility check
[INFO] Looking for compatible RELEASE version of plugin org.apache.maven.plugins:maven-compiler-plugin
[WARNING] Ignoring incompatible plugin version 4.0.0-beta-3: 
The plugin org.apache.maven.plugins:maven-compiler-plugin:4.0.0-beta-3 has unmet prerequisites: 
	Required Maven version 4.0.0-rc-4 is not met by current version 3.9.12
[WARNING] Ignoring incompatible plugin version 4.0.0-beta-2: 
The plugin org.apache.maven.plugins:maven-compiler-plugin:4.0.0-beta-2 has unmet prerequisites: 
	Required Maven version 4.0.0-rc-2 is not met by current version 3.9.12
[WARNING] Ignoring incompatible plugin version 4.0.0-beta-1: 
The plugin org.apache.maven.plugins:maven-compiler-plugin:4.0.0-beta-1 has unmet prerequisites: 
	Required Maven version 4.0.0-beta-3 is not met by current version 3.9.12
[INFO] Selected plugin org.apache.maven.plugins:maven-compiler-plugin:3.15.0
[WARNING] Ignoring incompatible plugin version 4.0.0-beta-2: 
The plugin org.apache.maven.plugins:maven-install-plugin:4.0.0-beta-2 has unmet prerequisites: 
	Required Maven version 4.0.0-rc-2 is not met by current version 3.9.12
[INFO] Latest version of plugin org.apache.maven.plugins:maven-install-plugin failed compatibility check
[INFO] Looking for compatible RELEASE version of plugin org.apache.maven.plugins:maven-install-plugin
[WARNING] Ignoring incompatible plugin version 4.0.0-beta-1: 
The plugin org.apache.maven.plugins:maven-install-plugin:4.0.0-beta-1 has unmet prerequisites: 
	Required Maven version 4.0.0-beta-3 is not met by current version 3.9.12
[INFO] Selected plugin org.apache.maven.plugins:maven-install-plugin:3.1.4
[INFO] 
[INFO] --- clean:3.2.0:clean (default-clean) @ ThreadSyncCompositeExporter ---
[INFO] Deleting C:\Users\vikum\OneDrive\Desktop\Choreo\ThreadSyncCompositeExporter\target
[INFO] 
[INFO] --- resources:3.5.0:resources (default-resources) @ ThreadSyncCompositeExporter ---
[WARNING] Using platform encoding (Cp1252 actually) to copy filtered resources, i.e. build is platform dependent!
[INFO] skip non existing resourceDirectory C:\Users\vikum\OneDrive\Desktop\Choreo\ThreadSyncCompositeExporter\src\main\resources
[INFO] 
[INFO] --- compiler:3.15.0:compile (default-compile) @ ThreadSyncCompositeExporter ---
[INFO] No sources to compile
[INFO] 
[INFO] --- resources:3.5.0:testResources (default-testResources) @ ThreadSyncCompositeExporter ---
[INFO] Not copying test resources
[INFO] 
[INFO] --- compiler:3.15.0:testCompile (default-testCompile) @ ThreadSyncCompositeExporter ---
[INFO] Not compiling test sources
[INFO] 
[INFO] --- surefire:3.5.5:test (default-test) @ ThreadSyncCompositeExporter ---
[INFO] Tests are skipped.
[INFO] 
[INFO] --- car:5.2.42:car (default-car) @ ThreadSyncCompositeExporter ---
[INFO] Generating artifact descriptor for artifact: MockAIEnrichmentSequence
[INFO] Copying artifact content to target location.
[INFO] Generating artifact descriptor for artifact: OrderReceiptAPI
[INFO] Copying artifact content to target location.
[INFO] Generating artifact descriptor for artifact: SupplierRouterSequence
[INFO] Copying artifact content to target location.
[INFO] 
[INFO] --- car:5.2.42:car (car) @ ThreadSyncCompositeExporter ---
[INFO] Generating artifact descriptor for artifact: MockAIEnrichmentSequence
[INFO] Copying artifact content to target location.
[INFO] Generating artifact descriptor for artifact: OrderReceiptAPI
[INFO] Copying artifact content to target location.
[INFO] Generating artifact descriptor for artifact: SupplierRouterSequence
[INFO] Copying artifact content to target location.
[INFO] ------------------------------------------------------------------------
[INFO] Reactor Summary for ThreadSync 1.0.0-SNAPSHOT:
[INFO] 
[INFO] ThreadSync ......................................... SUCCESS [  0.266 s]
[INFO] ThreadSyncConfigs .................................. SUCCESS [  0.873 s]
[INFO] ThreadSyncCompositeExporter ........................ SUCCESS [  2.562 s]
[INFO] ------------------------------------------------------------------------
[INFO] BUILD SUCCESS
[INFO] ------------------------------------------------------------------------
[INFO] Total time:  6.653 s
[INFO] Finished at: 2026-04-08T15:07:36+05:30
[INFO] ------------------------------------------------------------------------
