<?xml version="1.0" encoding="UTF-8"?>
<project xsi:schemaLocation="http://maven.apache.org/POM/4.0.0 https://maven.apache.org/xsd/maven-4.0.0.xsd" xmlns="http://maven.apache.org/POM/4.0.0"
    xmlns:xsi="http://www.w3.org/2001/XMLSchema-instance">
  <modelVersion>4.0.0</modelVersion>
  <groupId>com.threadsync.integration</groupId>
  <artifactId>ThreadSync</artifactId>
  <version>1.0.0-SNAPSHOT</version>
  <packaging>pom</packaging>
  <name>ThreadSync</name>
  <description>ThreadSync - AI Apparel B2B Gateway Project</description>
  <modules>
    <module>ThreadSyncConfigs</module>
    <module>ThreadSyncCompositeExporter</module>
  </modules>
  <properties>
    <project.runtime.version>4.3.0</project.runtime.version>
  </properties>
  <build>
    <plugins>
      <plugin>
        <artifactId>maven-eclipse-plugin</artifactId>
        <version>2.9</version>
        <configuration>
          <projectnatures>
            <projectnature>org.wso2.developerstudio.eclipse.mavenmultimodule.project.nature</projectnature>
          </projectnatures>
        </configuration>
      </plugin>
    </plugins>
  </build>
</project>
